2025-06-04 08:10:04,444 - src.model.train - INFO - === INICIANDO TREINAMENTO DO MODELO ===
2025-06-04 08:10:04,449 - src.processing.data_processor - INFO - Dados carregados: 3276 registros, 10 colunas
2025-06-04 08:10:04,449 - src.processing.data_processor - INFO - Iniciando limpeza dos dados
2025-06-04 08:10:04,450 - src.processing.data_processor - INFO - Valores ausentes antes da limpeza: 1434
2025-06-04 08:10:04,450 - src.processing.data_processor - INFO - Preenchidos valores ausentes em ph com mediana: 7.036752103833548
2025-06-04 08:10:04,451 - src.processing.data_processor - INFO - Valores ausentes após limpeza: 943
2025-06-04 08:10:04,451 - src.processing.data_processor - INFO - Registros finais: 3276
2025-06-04 08:10:04,451 - src.model.train - INFO - === INSIGHTS DOS DADOS ===
2025-06-04 08:10:04,451 - src.model.train - INFO - Total de registros: 3276
2025-06-04 08:10:04,451 - src.model.train - INFO - Água potável: 0 (0.0%)
2025-06-04 08:10:04,451 - src.model.train - INFO - Água não potável: 0 (0.0%)
2025-06-04 08:10:04,451 - src.model.train - INFO - 
=== ESTATÍSTICAS DAS FEATURES ===
2025-06-04 08:10:04,451 - src.model.train - INFO - ph: μ=7.07, σ=1.47, min=0.00, max=14.00
2025-06-04 08:10:04,451 - src.model.train - INFO - Iniciando treinamento do modelo
2025-06-04 08:10:04,454 - src.processing.data_processor - INFO - Dados carregados: 3276 registros, 10 colunas
2025-06-04 08:10:04,454 - src.processing.data_processor - INFO - Iniciando limpeza dos dados
2025-06-04 08:10:04,454 - src.processing.data_processor - INFO - Valores ausentes antes da limpeza: 1434
2025-06-04 08:10:04,454 - src.processing.data_processor - INFO - Preenchidos valores ausentes em ph com mediana: 7.036752103833548
2025-06-04 08:10:04,454 - src.processing.data_processor - INFO - Valores ausentes após limpeza: 943
2025-06-04 08:10:04,454 - src.processing.data_processor - INFO - Registros finais: 3276
2025-06-04 08:10:04,454 - src.processing.data_processor - INFO - Features utilizadas: ['ph']
2025-06-04 08:10:04,455 - src.processing.data_processor - INFO - Dividindo dados - Test size: 0.2
2025-06-04 08:10:04,455 - src.model.train - ERROR - Erro durante o treinamento: 'NoneType' object is not subscriptable
2025-06-04 08:12:29,050 - src.model.train - INFO - === INICIANDO TREINAMENTO DO MODELO ===
2025-06-04 08:12:29,057 - src.processing.data_processor - INFO - Dados carregados: 3276 registros
2025-06-04 08:12:29,059 - src.processing.data_processor - INFO - Valores ausentes antes da limpeza: 1434
2025-06-04 08:12:29,061 - src.processing.data_processor - INFO - Preenchidos valores ausentes em ph com mediana 7.04
2025-06-04 08:12:29,061 - src.processing.data_processor - INFO - Preenchidos valores ausentes em Sulfate com mediana 333.07
2025-06-04 08:12:29,061 - src.processing.data_processor - INFO - Preenchidos valores ausentes em Trihalomethanes com mediana 66.62
2025-06-04 08:12:29,062 - src.processing.data_processor - INFO - Valores ausentes após limpeza: 0
2025-06-04 08:12:29,062 - src.processing.data_processor - INFO - Registros finais: 3276
2025-06-04 08:12:29,062 - src.model.train - ERROR - Erro durante o treinamento: 'WaterDataProcessor' object has no attribute 'get_data_summary'
2025-06-04 08:13:17,683 - src.model.train - INFO - === INICIANDO TREINAMENTO DO MODELO ===
2025-06-04 08:13:17,690 - src.processing.data_processor - INFO - Dados carregados: 3276 registros
2025-06-04 08:13:17,692 - src.processing.data_processor - INFO - Valores ausentes antes da limpeza: 1434
2025-06-04 08:13:17,694 - src.processing.data_processor - INFO - Preenchidos valores ausentes em ph com mediana 7.04
2025-06-04 08:13:17,694 - src.processing.data_processor - INFO - Preenchidos valores ausentes em Sulfate com mediana 333.07
2025-06-04 08:13:17,695 - src.processing.data_processor - INFO - Preenchidos valores ausentes em Trihalomethanes com mediana 66.62
2025-06-04 08:13:17,695 - src.processing.data_processor - INFO - Valores ausentes após limpeza: 0
2025-06-04 08:13:17,695 - src.processing.data_processor - INFO - Registros finais: 3276
2025-06-04 08:13:17,696 - src.model.train - INFO - === INSIGHTS DOS DADOS ===
2025-06-04 08:13:17,696 - src.model.train - INFO - Total de registros: 3276
2025-06-04 08:13:17,696 - src.model.train - INFO - Água potável: 1278 (39.0%)
2025-06-04 08:13:17,696 - src.model.train - INFO - Água não potável: 1998 (61.0%)
2025-06-04 08:13:17,696 - src.model.train - INFO - 
=== ESTATÍSTICAS DAS FEATURES ===
2025-06-04 08:13:17,696 - src.model.train - INFO - ph: μ=7.07, σ=1.47, min=0.00, max=14.00
2025-06-04 08:13:17,696 - src.model.train - INFO - Hardness: μ=196.37, σ=32.88, min=47.43, max=323.12
2025-06-04 08:13:17,696 - src.model.train - INFO - Solids: μ=22014.09, σ=8768.57, min=320.94, max=61227.20
2025-06-04 08:13:17,696 - src.model.train - INFO - Chloramines: μ=7.12, σ=1.58, min=0.35, max=13.13
2025-06-04 08:13:17,696 - src.model.train - INFO - Sulfate: μ=333.61, σ=36.14, min=129.00, max=481.03
2025-06-04 08:13:17,696 - src.model.train - INFO - Conductivity: μ=426.21, σ=80.82, min=181.48, max=753.34
2025-06-04 08:13:17,696 - src.model.train - INFO - Organic_carbon: μ=14.28, σ=3.31, min=2.20, max=28.30
2025-06-04 08:13:17,696 - src.model.train - INFO - Trihalomethanes: μ=66.41, σ=15.77, min=0.74, max=124.00
2025-06-04 08:13:17,696 - src.model.train - INFO - Turbidity: μ=3.97, σ=0.78, min=1.45, max=6.74
2025-06-04 08:13:17,696 - src.model.train - INFO - Iniciando treinamento do modelo
2025-06-04 08:13:17,699 - src.processing.data_processor - INFO - Dados carregados: 3276 registros
2025-06-04 08:13:17,699 - src.processing.data_processor - INFO - Valores ausentes antes da limpeza: 1434
2025-06-04 08:13:17,700 - src.processing.data_processor - INFO - Preenchidos valores ausentes em ph com mediana 7.04
2025-06-04 08:13:17,700 - src.processing.data_processor - INFO - Preenchidos valores ausentes em Sulfate com mediana 333.07
2025-06-04 08:13:17,701 - src.processing.data_processor - INFO - Preenchidos valores ausentes em Trihalomethanes com mediana 66.62
2025-06-04 08:13:17,701 - src.processing.data_processor - INFO - Valores ausentes após limpeza: 0
2025-06-04 08:13:17,701 - src.processing.data_processor - INFO - Registros finais: 3276
2025-06-04 08:13:17,701 - src.processing.data_processor - INFO - Features utilizadas: ['ph', 'Hardness', 'Solids', 'Chloramines', 'Sulfate', 'Conductivity', 'Organic_carbon', 'Trihalomethanes', 'Turbidity']
2025-06-04 08:13:17,701 - src.processing.data_processor - INFO - Dividindo dados - Test size: 0.2
2025-06-04 08:13:17,703 - src.processing.data_processor - INFO - Treino: 2620 amostras
2025-06-04 08:13:17,703 - src.processing.data_processor - INFO - Teste: 656 amostras
2025-06-04 08:13:17,703 - src.processing.data_processor - INFO - Normalizando features
2025-06-04 08:13:17,704 - src.processing.data_processor - INFO - Features normalizadas - Train: (2620, 9)
2025-06-04 08:13:17,704 - src.processing.data_processor - INFO - Features normalizadas - Test: (656, 9)
2025-06-04 08:13:17,704 - src.model.train - INFO - Treinando modelo Random Forest
2025-06-04 08:13:18,101 - src.model.train - INFO - Acurácia no treino: 0.9095
2025-06-04 08:13:18,101 - src.model.train - INFO - Acurácia no teste: 0.6662
2025-06-04 08:13:18,106 - src.model.train - INFO - 
Relatório de Classificação:
2025-06-04 08:13:18,109 - src.model.train - INFO - 
              precision    recall  f1-score   support

           0       0.69      0.83      0.75       400
           1       0.61      0.41      0.49       256

    accuracy                           0.67       656
   macro avg       0.65      0.62      0.62       656
weighted avg       0.66      0.67      0.65       656

2025-06-04 08:13:18,109 - src.model.train - INFO - 
Matriz de Confusão:
2025-06-04 08:13:18,110 - src.model.train - INFO - 
[[333  67]
 [152 104]]
2025-06-04 08:13:19,640 - src.model.train - INFO - Cross-validation scores: [0.65648855 0.69465649 0.66984733 0.62977099 0.63740458]
2025-06-04 08:13:19,640 - src.model.train - INFO - CV Score médio: 0.6576 (+/- 0.0465)
2025-06-04 08:13:19,642 - src.model.train - INFO - 
Importância das Features:
2025-06-04 08:13:19,642 - src.model.train - INFO - ph: 0.1628
2025-06-04 08:13:19,643 - src.model.train - INFO - Hardness: 0.1224
2025-06-04 08:13:19,643 - src.model.train - INFO - Solids: 0.1164
2025-06-04 08:13:19,643 - src.model.train - INFO - Chloramines: 0.1145
2025-06-04 08:13:19,643 - src.model.train - INFO - Sulfate: 0.1707
2025-06-04 08:13:19,643 - src.model.train - INFO - Conductivity: 0.0870
2025-06-04 08:13:19,643 - src.model.train - INFO - Organic_carbon: 0.0791
2025-06-04 08:13:19,643 - src.model.train - INFO - Trihalomethanes: 0.0680
2025-06-04 08:13:19,643 - src.model.train - INFO - Turbidity: 0.0792
2025-06-04 08:13:19,655 - src.model.train - INFO - Modelo salvo em: src/model/water_quality_model.pkl
2025-06-04 08:13:19,655 - src.model.train - INFO - === TREINAMENTO CONCLUÍDO COM SUCESSO ===
2025-06-04 08:13:19,655 - src.model.train - INFO - Acurácia final no teste: 0.6662
2025-06-04 08:13:55,609 - src.persistence.db - ERROR - Erro ao conectar ao Oracle: DPY-6005: cannot connect to database (CONNECTION_ID=ublhssbYhkpPCA+2BFbjVQ==).
[Errno 61] Connection refused
2025-06-04 08:13:55,610 - src.persistence.db - ERROR - Erro ao conectar ao Oracle: DPY-6005: cannot connect to database (CONNECTION_ID=Tdezy2XACAUke6o5xfUNpg==).
[Errno 61] Connection refused
2025-06-04 08:13:55,610 - src.api.controller - INFO - Recuperadas 0 leituras
2025-06-04 08:13:55,612 - src.persistence.db - ERROR - Erro ao conectar ao Oracle: DPY-6005: cannot connect to database (CONNECTION_ID=ue4B5dGKFgllQYAgxiHUMw==).
[Errno 61] Connection refused
2025-06-04 08:13:55,612 - src.api.controller - INFO - Recuperadas 0 leituras
2025-06-04 08:14:12,507 - src.persistence.db - ERROR - Erro ao conectar ao Oracle: DPY-6005: cannot connect to database (CONNECTION_ID=+EuvWr0+vsqClq/k9XUyjQ==).
[Errno 61] Connection refused
2025-06-04 08:14:12,507 - src.api.controller - INFO - Recuperadas 0 leituras
2025-06-04 08:20:07,842 - src.persistence.db - ERROR - Erro ao conectar ao Oracle: DPY-6005: cannot connect to database (CONNECTION_ID=VNeZ95UgCN7QYuTc7Fm6+Q==).
[Errno 61] Connection refused
2025-06-04 08:20:07,844 - src.api.controller - INFO - Recuperadas 0 leituras
2025-06-04 08:20:07,850 - src.persistence.db - ERROR - Erro ao conectar ao Oracle: DPY-6005: cannot connect to database (CONNECTION_ID=vrjpW0SS2TfQxvLXW+9wYw==).
[Errno 61] Connection refused
2025-06-04 08:20:07,850 - src.api.controller - INFO - Recuperadas 0 leituras
2025-06-04 08:25:56,752 - src.persistence.db - INFO - Conectado ao Oracle Database com sucesso
2025-06-04 08:25:56,941 - src.persistence.db - INFO - Conexão com Oracle fechada
2025-06-04 08:26:31,500 - src.persistence.db - INFO - Conectado ao Oracle Database com sucesso
2025-06-04 08:26:31,657 - src.persistence.db - INFO - Tabela readings criada com sucesso
2025-06-04 08:26:31,676 - src.persistence.db - INFO - Conexão com Oracle fechada
2025-06-04 08:26:31,864 - src.persistence.db - INFO - Conectado ao Oracle Database com sucesso
2025-06-04 08:26:31,896 - src.api.controller - INFO - Recuperadas 0 leituras
2025-06-04 08:26:31,916 - src.api.controller - INFO - Recuperadas 0 leituras
2025-06-04 08:26:36,298 - src.api.controller - INFO - Recuperadas 0 leituras
2025-06-04 08:26:42,182 - src.model.predict - INFO - Modelo carregado com sucesso de: src/model/water_quality_model.pkl
2025-06-04 08:26:42,182 - src.processing.data_processor - WARNING - Feature Hardness não encontrada na leitura
2025-06-04 08:26:42,182 - src.processing.data_processor - WARNING - Feature Solids não encontrada na leitura
2025-06-04 08:26:42,182 - src.processing.data_processor - WARNING - Feature Sulfate não encontrada na leitura
2025-06-04 08:26:42,182 - src.processing.data_processor - WARNING - Feature Conductivity não encontrada na leitura
2025-06-04 08:26:42,182 - src.processing.data_processor - WARNING - Feature Organic_carbon não encontrada na leitura
2025-06-04 08:26:42,182 - src.processing.data_processor - WARNING - Feature Trihalomethanes não encontrada na leitura
2025-06-04 08:26:42,188 - src.model.predict - INFO - Predição de sensor: NAO_POTAVEL (confiança: 0.590)
2025-06-04 08:26:42,188 - src.api.controller - INFO - Avaliação detalhada: risco alto
2025-06-04 08:29:35,572 - src.model.train - INFO - === INICIANDO TREINAMENTO DO MODELO ===
2025-06-04 08:29:35,580 - src.processing.data_processor - INFO - Dados carregados: 3276 registros
2025-06-04 08:29:35,581 - src.processing.data_processor - INFO - Valores ausentes antes da limpeza: 1434
2025-06-04 08:29:35,583 - src.processing.data_processor - INFO - Preenchidos valores ausentes em ph com mediana 7.04
2025-06-04 08:29:35,583 - src.processing.data_processor - INFO - Preenchidos valores ausentes em Sulfate com mediana 333.07
2025-06-04 08:29:35,583 - src.processing.data_processor - INFO - Preenchidos valores ausentes em Trihalomethanes com mediana 66.62
2025-06-04 08:29:35,584 - src.processing.data_processor - INFO - Valores ausentes após limpeza: 0
2025-06-04 08:29:35,584 - src.processing.data_processor - INFO - Registros finais: 3276
2025-06-04 08:29:35,584 - src.model.train - INFO - === INSIGHTS DOS DADOS ===
2025-06-04 08:29:35,584 - src.model.train - INFO - Total de registros: 3276
2025-06-04 08:29:35,584 - src.model.train - INFO - Água potável: 1278 (39.0%)
2025-06-04 08:29:35,585 - src.model.train - INFO - Água não potável: 1998 (61.0%)
2025-06-04 08:29:35,585 - src.model.train - INFO - 
=== ESTATÍSTICAS DAS FEATURES ===
2025-06-04 08:29:35,585 - src.model.train - INFO - ph: μ=7.07, σ=1.47, min=0.00, max=14.00
2025-06-04 08:29:35,585 - src.model.train - INFO - Hardness: μ=196.37, σ=32.88, min=47.43, max=323.12
2025-06-04 08:29:35,585 - src.model.train - INFO - Solids: μ=22014.09, σ=8768.57, min=320.94, max=61227.20
2025-06-04 08:29:35,585 - src.model.train - INFO - Chloramines: μ=7.12, σ=1.58, min=0.35, max=13.13
2025-06-04 08:29:35,585 - src.model.train - INFO - Sulfate: μ=333.61, σ=36.14, min=129.00, max=481.03
2025-06-04 08:29:35,585 - src.model.train - INFO - Conductivity: μ=426.21, σ=80.82, min=181.48, max=753.34
2025-06-04 08:29:35,585 - src.model.train - INFO - Organic_carbon: μ=14.28, σ=3.31, min=2.20, max=28.30
2025-06-04 08:29:35,585 - src.model.train - INFO - Trihalomethanes: μ=66.41, σ=15.77, min=0.74, max=124.00
2025-06-04 08:29:35,585 - src.model.train - INFO - Turbidity: μ=3.97, σ=0.78, min=1.45, max=6.74
2025-06-04 08:29:35,585 - src.model.train - INFO - Iniciando treinamento do modelo
2025-06-04 08:29:35,588 - src.processing.data_processor - INFO - Dados carregados: 3276 registros
2025-06-04 08:29:35,588 - src.processing.data_processor - INFO - Valores ausentes antes da limpeza: 1434
2025-06-04 08:29:35,589 - src.processing.data_processor - INFO - Preenchidos valores ausentes em ph com mediana 7.04
2025-06-04 08:29:35,589 - src.processing.data_processor - INFO - Preenchidos valores ausentes em Sulfate com mediana 333.07
2025-06-04 08:29:35,590 - src.processing.data_processor - INFO - Preenchidos valores ausentes em Trihalomethanes com mediana 66.62
2025-06-04 08:29:35,590 - src.processing.data_processor - INFO - Valores ausentes após limpeza: 0
2025-06-04 08:29:35,590 - src.processing.data_processor - INFO - Registros finais: 3276
2025-06-04 08:29:35,590 - src.processing.data_processor - INFO - Features utilizadas: ['ph', 'Hardness', 'Solids', 'Chloramines', 'Sulfate', 'Conductivity', 'Organic_carbon', 'Trihalomethanes', 'Turbidity']
2025-06-04 08:29:35,590 - src.processing.data_processor - INFO - Dividindo dados - Test size: 0.2
2025-06-04 08:29:35,593 - src.processing.data_processor - INFO - Treino: 2620 amostras
2025-06-04 08:29:35,593 - src.processing.data_processor - INFO - Teste: 656 amostras
2025-06-04 08:29:35,593 - src.processing.data_processor - INFO - Normalizando features
2025-06-04 08:29:35,593 - src.processing.data_processor - INFO - Features normalizadas - Train: (2620, 9)
2025-06-04 08:29:35,593 - src.processing.data_processor - INFO - Features normalizadas - Test: (656, 9)
2025-06-04 08:29:35,593 - src.model.train - INFO - Treinando modelo Random Forest
2025-06-04 08:29:36,097 - src.model.train - INFO - Acurácia no treino: 0.9095
2025-06-04 08:29:36,097 - src.model.train - INFO - Acurácia no teste: 0.6662
2025-06-04 08:29:36,103 - src.model.train - INFO - 
Relatório de Classificação:
2025-06-04 08:29:36,105 - src.model.train - INFO - 
              precision    recall  f1-score   support

           0       0.69      0.83      0.75       400
           1       0.61      0.41      0.49       256

    accuracy                           0.67       656
   macro avg       0.65      0.62      0.62       656
weighted avg       0.66      0.67      0.65       656

2025-06-04 08:29:36,105 - src.model.train - INFO - 
Matriz de Confusão:
2025-06-04 08:29:36,108 - src.model.train - INFO - 
[[333  67]
 [152 104]]
2025-06-04 08:29:37,680 - src.model.train - INFO - Cross-validation scores: [0.65648855 0.69465649 0.66984733 0.62977099 0.63740458]
2025-06-04 08:29:37,680 - src.model.train - INFO - CV Score médio: 0.6576 (+/- 0.0465)
2025-06-04 08:29:37,682 - src.model.train - INFO - 
Importância das Features:
2025-06-04 08:29:37,682 - src.model.train - INFO - ph: 0.1628
2025-06-04 08:29:37,682 - src.model.train - INFO - Hardness: 0.1224
2025-06-04 08:29:37,682 - src.model.train - INFO - Solids: 0.1164
2025-06-04 08:29:37,682 - src.model.train - INFO - Chloramines: 0.1145
2025-06-04 08:29:37,682 - src.model.train - INFO - Sulfate: 0.1707
2025-06-04 08:29:37,682 - src.model.train - INFO - Conductivity: 0.0870
2025-06-04 08:29:37,682 - src.model.train - INFO - Organic_carbon: 0.0791
2025-06-04 08:29:37,682 - src.model.train - INFO - Trihalomethanes: 0.0680
2025-06-04 08:29:37,682 - src.model.train - INFO - Turbidity: 0.0792
2025-06-04 08:29:37,696 - src.model.train - INFO - Modelo salvo em: src/model/water_quality_model.pkl
2025-06-04 08:29:37,696 - src.model.train - INFO - === TREINAMENTO CONCLUÍDO COM SUCESSO ===
2025-06-04 08:29:37,697 - src.model.train - INFO - Acurácia final no teste: 0.6662
2025-06-04 08:29:51,923 - src.persistence.db - INFO - Conectado ao Oracle Database com sucesso
2025-06-04 08:29:51,966 - src.persistence.db - INFO - Tabela readings já existe
2025-06-04 08:29:51,985 - src.persistence.db - INFO - Conexão com Oracle fechada
2025-06-04 08:29:52,179 - src.persistence.db - INFO - Conectado ao Oracle Database com sucesso
2025-06-04 08:29:52,200 - src.api.controller - INFO - Recuperadas 0 leituras
2025-06-04 08:29:52,219 - src.api.controller - INFO - Recuperadas 0 leituras
2025-06-04 08:30:17,435 - src.model.predict - INFO - Modelo carregado com sucesso de: src/model/water_quality_model.pkl
2025-06-04 08:30:17,436 - src.processing.data_processor - WARNING - Feature Hardness não encontrada na leitura
2025-06-04 08:30:17,436 - src.processing.data_processor - WARNING - Feature Solids não encontrada na leitura
2025-06-04 08:30:17,436 - src.processing.data_processor - WARNING - Feature Sulfate não encontrada na leitura
2025-06-04 08:30:17,436 - src.processing.data_processor - WARNING - Feature Conductivity não encontrada na leitura
2025-06-04 08:30:17,436 - src.processing.data_processor - WARNING - Feature Organic_carbon não encontrada na leitura
2025-06-04 08:30:17,436 - src.processing.data_processor - WARNING - Feature Trihalomethanes não encontrada na leitura
2025-06-04 08:30:17,442 - src.model.predict - INFO - Predição de sensor: NAO_POTAVEL (confiança: 0.590)
2025-06-04 08:30:17,442 - src.api.controller - INFO - Avaliação detalhada: risco alto
2025-06-04 08:30:22,108 - src.api.controller - INFO - Recuperados 0 alertas
2025-06-04 08:30:24,601 - src.api.controller - INFO - Recuperadas 0 leituras
2025-06-04 08:30:35,520 - src.api.controller - INFO - Recuperadas 0 leituras
2025-06-04 08:33:35,940 - src.persistence.db - INFO - Conectado ao Oracle Database com sucesso
2025-06-04 08:33:35,984 - src.persistence.db - INFO - Tabela readings já existe
2025-06-04 08:33:36,002 - src.persistence.db - INFO - Conexão com Oracle fechada
2025-06-04 08:33:36,189 - src.persistence.db - INFO - Conectado ao Oracle Database com sucesso
2025-06-04 08:33:36,207 - src.api.controller - INFO - Recuperadas 0 leituras
2025-06-04 08:33:36,230 - src.api.controller - INFO - Recuperadas 0 leituras
2025-06-04 08:34:13,624 - src.api.controller - INFO - Recuperadas 0 leituras
2025-06-04 08:34:17,410 - src.model.predict - INFO - Modelo carregado com sucesso de: src/model/water_quality_model.pkl
2025-06-04 08:34:17,411 - src.processing.data_processor - WARNING - Feature Hardness não encontrada na leitura
2025-06-04 08:34:17,411 - src.processing.data_processor - WARNING - Feature Solids não encontrada na leitura
2025-06-04 08:34:17,411 - src.processing.data_processor - WARNING - Feature Sulfate não encontrada na leitura
2025-06-04 08:34:17,411 - src.processing.data_processor - WARNING - Feature Conductivity não encontrada na leitura
2025-06-04 08:34:17,411 - src.processing.data_processor - WARNING - Feature Organic_carbon não encontrada na leitura
2025-06-04 08:34:17,411 - src.processing.data_processor - WARNING - Feature Trihalomethanes não encontrada na leitura
2025-06-04 08:34:17,417 - src.model.predict - INFO - Predição de sensor: NAO_POTAVEL (confiança: 0.590)
2025-06-04 08:34:17,417 - src.api.controller - INFO - Avaliação detalhada: risco alto
2025-06-04 08:36:43,587 - src.persistence.db - INFO - Conectado ao Oracle Database com sucesso
2025-06-04 08:36:43,631 - src.persistence.db - INFO - Tabela readings já existe
2025-06-04 08:36:43,649 - src.persistence.db - INFO - Conexão com Oracle fechada
2025-06-04 08:36:56,810 - src.api.controller - INFO - Processando leitura: {'ph': 8.03, 'turbidity': 0.78, 'chloramines': 0.57}
2025-06-04 08:36:56,823 - src.model.predict - INFO - Modelo carregado com sucesso de: src/model/water_quality_model.pkl
2025-06-04 08:36:56,823 - src.processing.data_processor - WARNING - Feature Hardness não encontrada na leitura
2025-06-04 08:36:56,823 - src.processing.data_processor - WARNING - Feature Solids não encontrada na leitura
2025-06-04 08:36:56,823 - src.processing.data_processor - WARNING - Feature Sulfate não encontrada na leitura
2025-06-04 08:36:56,823 - src.processing.data_processor - WARNING - Feature Conductivity não encontrada na leitura
2025-06-04 08:36:56,823 - src.processing.data_processor - WARNING - Feature Organic_carbon não encontrada na leitura
2025-06-04 08:36:56,823 - src.processing.data_processor - WARNING - Feature Trihalomethanes não encontrada na leitura
2025-06-04 08:36:56,827 - src.model.predict - INFO - Predição de sensor: NAO_POTAVEL (confiança: 0.510)
2025-06-04 08:36:57,018 - src.persistence.db - INFO - Conectado ao Oracle Database com sucesso
2025-06-04 08:36:57,135 - src.persistence.db - INFO - Leitura salva: pH=8.03, Turbidez=0.78
2025-06-04 08:36:57,136 - src.api.controller - INFO - Leitura processada: NAO_POTAVEL
2025-06-04 08:36:57,240 - src.api.controller - INFO - Processando leitura: {'ph': 8.85, 'turbidity': 13.81, 'chloramines': 2.57}
2025-06-04 08:36:57,241 - src.processing.data_processor - WARNING - Feature Hardness não encontrada na leitura
2025-06-04 08:36:57,241 - src.processing.data_processor - WARNING - Feature Solids não encontrada na leitura
2025-06-04 08:36:57,241 - src.processing.data_processor - WARNING - Feature Sulfate não encontrada na leitura
2025-06-04 08:36:57,241 - src.processing.data_processor - WARNING - Feature Conductivity não encontrada na leitura
2025-06-04 08:36:57,241 - src.processing.data_processor - WARNING - Feature Organic_carbon não encontrada na leitura
2025-06-04 08:36:57,241 - src.processing.data_processor - WARNING - Feature Trihalomethanes não encontrada na leitura
2025-06-04 08:36:57,249 - src.model.predict - INFO - Predição de sensor: NAO_POTAVEL (confiança: 0.550)
2025-06-04 08:36:57,285 - src.persistence.db - INFO - Leitura salva: pH=8.85, Turbidez=13.81
2025-06-04 08:36:57,285 - src.api.controller - INFO - Leitura processada: NAO_POTAVEL
2025-06-04 08:36:57,388 - src.api.controller - INFO - Processando leitura: {'ph': 6.17, 'turbidity': 10.95, 'chloramines': 2.8}
2025-06-04 08:36:57,389 - src.processing.data_processor - WARNING - Feature Hardness não encontrada na leitura
2025-06-04 08:36:57,389 - src.processing.data_processor - WARNING - Feature Solids não encontrada na leitura
2025-06-04 08:36:57,390 - src.processing.data_processor - WARNING - Feature Sulfate não encontrada na leitura
2025-06-04 08:36:57,390 - src.processing.data_processor - WARNING - Feature Conductivity não encontrada na leitura
2025-06-04 08:36:57,390 - src.processing.data_processor - WARNING - Feature Organic_carbon não encontrada na leitura
2025-06-04 08:36:57,390 - src.processing.data_processor - WARNING - Feature Trihalomethanes não encontrada na leitura
2025-06-04 08:36:57,398 - src.model.predict - INFO - Predição de sensor: NAO_POTAVEL (confiança: 0.525)
2025-06-04 08:36:57,434 - src.persistence.db - INFO - Leitura salva: pH=6.17, Turbidez=10.95
2025-06-04 08:36:57,434 - src.api.controller - INFO - Leitura processada: NAO_POTAVEL
2025-06-04 08:36:57,540 - src.api.controller - INFO - Processando leitura: {'ph': 9.0, 'turbidity': 31.84, 'chloramines': 0.02}
2025-06-04 08:36:57,540 - src.processing.data_processor - WARNING - Feature Hardness não encontrada na leitura
2025-06-04 08:36:57,540 - src.processing.data_processor - WARNING - Feature Solids não encontrada na leitura
2025-06-04 08:36:57,540 - src.processing.data_processor - WARNING - Feature Sulfate não encontrada na leitura
2025-06-04 08:36:57,540 - src.processing.data_processor - WARNING - Feature Conductivity não encontrada na leitura
2025-06-04 08:36:57,540 - src.processing.data_processor - WARNING - Feature Organic_carbon não encontrada na leitura
2025-06-04 08:36:57,540 - src.processing.data_processor - WARNING - Feature Trihalomethanes não encontrada na leitura
2025-06-04 08:36:57,544 - src.model.predict - INFO - Predição de sensor: NAO_POTAVEL (confiança: 0.550)
2025-06-04 08:36:57,578 - src.persistence.db - INFO - Leitura salva: pH=9.0, Turbidez=31.84
2025-06-04 08:36:57,578 - src.api.controller - INFO - Leitura processada: NAO_POTAVEL
2025-06-04 08:36:57,681 - src.api.controller - INFO - Processando leitura: {'ph': 7.17, 'turbidity': 0.21, 'chloramines': 0.44}
2025-06-04 08:36:57,681 - src.processing.data_processor - WARNING - Feature Hardness não encontrada na leitura
2025-06-04 08:36:57,681 - src.processing.data_processor - WARNING - Feature Solids não encontrada na leitura
2025-06-04 08:36:57,681 - src.processing.data_processor - WARNING - Feature Sulfate não encontrada na leitura
2025-06-04 08:36:57,681 - src.processing.data_processor - WARNING - Feature Conductivity não encontrada na leitura
2025-06-04 08:36:57,681 - src.processing.data_processor - WARNING - Feature Organic_carbon não encontrada na leitura
2025-06-04 08:36:57,681 - src.processing.data_processor - WARNING - Feature Trihalomethanes não encontrada na leitura
2025-06-04 08:36:57,685 - src.model.predict - INFO - Predição de sensor: NAO_POTAVEL (confiança: 0.511)
2025-06-04 08:36:57,721 - src.persistence.db - INFO - Leitura salva: pH=7.17, Turbidez=0.21
2025-06-04 08:36:57,721 - src.api.controller - INFO - Leitura processada: NAO_POTAVEL
2025-06-04 08:36:57,825 - src.api.controller - INFO - Processando leitura: {'ph': 8.57, 'turbidity': 3.58, 'chloramines': 0.6}
2025-06-04 08:36:57,825 - src.processing.data_processor - WARNING - Feature Hardness não encontrada na leitura
2025-06-04 08:36:57,825 - src.processing.data_processor - WARNING - Feature Solids não encontrada na leitura
2025-06-04 08:36:57,825 - src.processing.data_processor - WARNING - Feature Sulfate não encontrada na leitura
2025-06-04 08:36:57,825 - src.processing.data_processor - WARNING - Feature Conductivity não encontrada na leitura
2025-06-04 08:36:57,825 - src.processing.data_processor - WARNING - Feature Organic_carbon não encontrada na leitura
2025-06-04 08:36:57,825 - src.processing.data_processor - WARNING - Feature Trihalomethanes não encontrada na leitura
2025-06-04 08:36:57,829 - src.model.predict - INFO - Predição de sensor: NAO_POTAVEL (confiança: 0.530)
2025-06-04 08:36:57,867 - src.persistence.db - INFO - Leitura salva: pH=8.57, Turbidez=3.58
2025-06-04 08:36:57,867 - src.api.controller - INFO - Leitura processada: NAO_POTAVEL
2025-06-04 08:36:57,972 - src.api.controller - INFO - Processando leitura: {'ph': 7.51, 'turbidity': 3.37, 'chloramines': 1.86}
2025-06-04 08:36:57,972 - src.processing.data_processor - WARNING - Feature Hardness não encontrada na leitura
2025-06-04 08:36:57,972 - src.processing.data_processor - WARNING - Feature Solids não encontrada na leitura
2025-06-04 08:36:57,972 - src.processing.data_processor - WARNING - Feature Sulfate não encontrada na leitura
2025-06-04 08:36:57,972 - src.processing.data_processor - WARNING - Feature Conductivity não encontrada na leitura
2025-06-04 08:36:57,972 - src.processing.data_processor - WARNING - Feature Organic_carbon não encontrada na leitura
2025-06-04 08:36:57,972 - src.processing.data_processor - WARNING - Feature Trihalomethanes não encontrada na leitura
2025-06-04 08:36:57,979 - src.model.predict - INFO - Predição de sensor: NAO_POTAVEL (confiança: 0.533)
2025-06-04 08:36:58,021 - src.persistence.db - INFO - Leitura salva: pH=7.51, Turbidez=3.37
2025-06-04 08:36:58,021 - src.api.controller - INFO - Leitura processada: NAO_POTAVEL
2025-06-04 08:36:58,126 - src.api.controller - INFO - Processando leitura: {'ph': 6.11, 'turbidity': 5.31, 'chloramines': 0.22}
2025-06-04 08:36:58,126 - src.processing.data_processor - WARNING - Feature Hardness não encontrada na leitura
2025-06-04 08:36:58,127 - src.processing.data_processor - WARNING - Feature Solids não encontrada na leitura
2025-06-04 08:36:58,127 - src.processing.data_processor - WARNING - Feature Sulfate não encontrada na leitura
2025-06-04 08:36:58,127 - src.processing.data_processor - WARNING - Feature Conductivity não encontrada na leitura
2025-06-04 08:36:58,127 - src.processing.data_processor - WARNING - Feature Organic_carbon não encontrada na leitura
2025-06-04 08:36:58,127 - src.processing.data_processor - WARNING - Feature Trihalomethanes não encontrada na leitura
2025-06-04 08:36:58,136 - src.model.predict - INFO - Predição de sensor: NAO_POTAVEL (confiança: 0.515)
2025-06-04 08:36:58,172 - src.persistence.db - INFO - Leitura salva: pH=6.11, Turbidez=5.31
2025-06-04 08:36:58,172 - src.api.controller - INFO - Leitura processada: NAO_POTAVEL
2025-06-04 08:36:58,275 - src.api.controller - INFO - Processando leitura: {'ph': 7.18, 'turbidity': 3.65, 'chloramines': 1.03}
2025-06-04 08:36:58,276 - src.processing.data_processor - WARNING - Feature Hardness não encontrada na leitura
2025-06-04 08:36:58,276 - src.processing.data_processor - WARNING - Feature Solids não encontrada na leitura
2025-06-04 08:36:58,276 - src.processing.data_processor - WARNING - Feature Sulfate não encontrada na leitura
2025-06-04 08:36:58,276 - src.processing.data_processor - WARNING - Feature Conductivity não encontrada na leitura
2025-06-04 08:36:58,276 - src.processing.data_processor - WARNING - Feature Organic_carbon não encontrada na leitura
2025-06-04 08:36:58,276 - src.processing.data_processor - WARNING - Feature Trihalomethanes não encontrada na leitura
2025-06-04 08:36:58,284 - src.model.predict - INFO - Predição de sensor: NAO_POTAVEL (confiança: 0.561)
2025-06-04 08:36:58,320 - src.persistence.db - INFO - Leitura salva: pH=7.18, Turbidez=3.65
2025-06-04 08:36:58,321 - src.api.controller - INFO - Leitura processada: NAO_POTAVEL
2025-06-04 08:36:58,422 - src.api.controller - INFO - Processando leitura: {'ph': 7.71, 'turbidity': 2.3, 'chloramines': 1.38}
2025-06-04 08:36:58,422 - src.processing.data_processor - WARNING - Feature Hardness não encontrada na leitura
2025-06-04 08:36:58,423 - src.processing.data_processor - WARNING - Feature Solids não encontrada na leitura
2025-06-04 08:36:58,423 - src.processing.data_processor - WARNING - Feature Sulfate não encontrada na leitura
2025-06-04 08:36:58,423 - src.processing.data_processor - WARNING - Feature Conductivity não encontrada na leitura
2025-06-04 08:36:58,423 - src.processing.data_processor - WARNING - Feature Organic_carbon não encontrada na leitura
2025-06-04 08:36:58,424 - src.processing.data_processor - WARNING - Feature Trihalomethanes não encontrada na leitura
2025-06-04 08:36:58,433 - src.model.predict - INFO - Predição de sensor: NAO_POTAVEL (confiança: 0.525)
2025-06-04 08:36:58,468 - src.persistence.db - INFO - Leitura salva: pH=7.71, Turbidez=2.3
2025-06-04 08:36:58,469 - src.api.controller - INFO - Leitura processada: NAO_POTAVEL
2025-06-04 08:37:13,103 - src.persistence.db - INFO - Conectado ao Oracle Database com sucesso
2025-06-04 08:37:13,146 - src.persistence.db - INFO - Tabela readings já existe
2025-06-04 08:37:13,164 - src.persistence.db - INFO - Conexão com Oracle fechada
2025-06-04 08:37:13,351 - src.persistence.db - INFO - Conectado ao Oracle Database com sucesso
2025-06-04 08:37:13,419 - src.api.controller - INFO - Recuperadas 10 leituras
2025-06-04 08:37:13,461 - src.api.controller - INFO - Recuperados 10 alertas
2025-06-04 08:37:13,461 - src.api.controller - INFO - Estatísticas calculadas: 10 leituras, 0 potáveis
2025-06-04 08:37:13,501 - src.api.controller - INFO - Recuperadas 10 leituras
2025-06-04 08:40:17,677 - src.api.controller - INFO - Recuperadas 10 leituras
2025-06-04 08:40:22,181 - src.api.controller - INFO - Recuperados 10 alertas
